mohtashim.khan@ms176-3wb:~/CPSC411/cpsc-411-compiler/Results$ ~aycock/411/bin/spim -f art-life.j--.asm
Loaded: /home/profs/aycock/411/sw/share/spim/exceptions.s
Generation 1:
0 1 1 1 0 1 0 0 0 0 
0 0 0 0 0 0 1 0 0 0 
0 0 0 1 1 0 1 0 0 0 
0 1 0 1 0 0 1 0 0 0 
0 1 1 0 0 0 0 1 0 0 
0 0 0 0 1 0 0 1 0 0 
0 1 1 0 0 0 0 0 1 0 
0 1 0 0 1 0 0 0 0 0 
0 1 1 0 0 0 0 1 0 0 
0 1 1 0 1 0 0 0 1 0 
Generation 2:
0 0 1 0 0 0 0 0 0 0 
0 0 0 0 0 0 1 0 0 0 
0 0 1 1 1 0 1 1 0 0 
0 1 0 1 1 1 1 1 0 0 
0 1 1 1 0 0 1 1 0 0 
0 0 0 1 0 0 0 1 1 0 
0 1 1 1 0 0 0 0 0 0 
1 0 0 1 0 0 0 0 0 0 
1 0 0 0 0 0 0 0 0 0 
0 1 1 1 0 0 0 0 0 0 
Generation 3:
0 0 0 0 0 0 0 0 0 0 
0 0 1 0 0 1 1 1 0 0 
0 0 1 0 0 0 0 0 0 0 
0 1 0 0 0 0 0 0 1 0 
0 1 0 0 0 0 0 0 0 0 
0 0 0 0 1 0 1 1 1 0 
0 1 0 1 1 0 0 0 0 0 
1 0 0 1 0 0 0 0 0 0 
1 0 0 1 0 0 0 0 0 0 
0 1 1 0 0 0 0 0 0 0 
Generation 4:
0 0 0 0 0 0 1 0 0 0 
0 0 0 0 0 0 1 0 0 0 
0 1 1 0 0 0 1 1 0 0 
0 1 1 0 0 0 0 0 0 0 
0 0 0 0 0 0 0 0 1 0 
0 0 1 1 1 1 0 1 0 0 
0 0 1 1 1 1 0 1 0 0 
1 1 0 1 0 0 0 0 0 0 
1 0 0 1 0 0 0 0 0 0 
0 1 1 0 0 0 0 0 0 0 
Generation 5:
0 0 0 0 0 0 0 0 0 0 
0 0 0 0 0 1 1 0 0 0 
0 1 1 0 0 0 1 1 0 0 
0 1 1 0 0 0 0 1 0 0 
0 1 0 0 1 0 0 0 0 0 
0 0 1 0 0 1 0 1 1 0 
0 0 0 0 0 1 0 0 0 0 
1 1 0 0 0 0 0 0 0 0 
1 0 0 1 0 0 0 0 0 0 
0 1 1 0 0 0 0 0 0 0 
Generation 6:
0 0 0 0 0 0 0 0 0 0 
0 0 0 0 0 1 1 1 0 0 
0 1 1 0 0 1 0 1 0 0 
1 0 0 1 0 0 1 1 0 0 
0 1 0 1 0 0 1 1 1 0 
0 0 0 0 1 1 1 0 0 0 
0 1 0 0 0 0 1 0 0 0 
1 1 0 0 0 0 0 0 0 0 
1 0 0 0 0 0 0 0 0 0 
0 1 1 0 0 0 0 0 0 0 
Generation 7:
0 0 0 0 0 0 1 0 0 0 
0 0 0 0 0 1 0 1 0 0 
0 1 1 0 1 1 0 0 1 0 
1 0 0 1 1 1 0 0 0 0 
0 0 1 1 0 0 0 0 1 0 
0 0 1 0 1 0 0 0 0 0 
1 1 0 0 0 0 1 0 0 0 
1 1 0 0 0 0 0 0 0 0 
1 0 1 0 0 0 0 0 0 0 
0 1 0 0 0 0 0 0 0 0 
Generation 8:
0 0 0 0 0 0 1 0 0 0 
0 0 0 0 1 1 0 1 0 0 
0 1 1 0 0 0 0 0 0 0 
0 0 0 0 0 1 0 0 0 0 
0 1 1 0 0 1 0 0 0 0 
0 0 1 0 0 0 0 0 0 0 
1 0 1 0 0 0 0 0 0 0 
0 0 1 0 0 0 0 0 0 0 
1 0 1 0 0 0 0 0 0 0 
0 1 0 0 0 0 0 0 0 0 
Generation 9:
0 0 0 0 0 1 1 0 0 0 
0 0 0 0 0 1 1 0 0 0 
0 0 0 0 1 1 1 0 0 0 
0 0 0 0 0 0 0 0 0 0 
0 1 1 0 0 0 0 0 0 0 
0 0 1 1 0 0 0 0 0 0 
0 0 1 1 0 0 0 0 0 0 
0 0 1 1 0 0 0 0 0 0 
0 0 1 0 0 0 0 0 0 0 
0 1 0 0 0 0 0 0 0 0 
Generation 10:
0 0 0 0 0 1 1 0 0 0 
0 0 0 0 0 0 0 1 0 0 
0 0 0 0 1 0 1 0 0 0 
0 0 0 0 0 1 0 0 0 0 
0 1 1 1 0 0 0 0 0 0 
0 0 0 0 0 0 0 0 0 0 
0 1 0 0 1 0 0 0 0 0 
0 1 0 0 0 0 0 0 0 0 
0 1 1 1 0 0 0 0 0 0 
0 0 0 0 0 0 0 0 0 0 
mohtashim.khan@ms176-3wb:~/CPSC411/cpsc-411-compiler/Results$ 
